{"/Users/leighsilverstein/Documents/ryerson/cps847/ass2/test.js":{"path":"/Users/leighsilverstein/Documents/ryerson/cps847/ass2/test.js","s":{"1":1,"2":1,"3":0,"4":1,"5":0},"b":{"1":[0,1],"2":[0,1]},"f":{},"fnMap":{},"statementMap":{"1":{"start":{"line":1,"column":0},"end":{"line":1,"column":41}},"2":{"start":{"line":3,"column":0},"end":{"line":5,"column":1}},"3":{"start":{"line":4,"column":1},"end":{"line":4,"column":16}},"4":{"start":{"line":6,"column":0},"end":{"line":7,"column":16}},"5":{"start":{"line":7,"column":1},"end":{"line":7,"column":16}}},"branchMap":{"1":{"line":3,"type":"if","locations":[{"start":{"line":3,"column":0},"end":{"line":3,"column":0}},{"start":{"line":3,"column":0},"end":{"line":3,"column":0}}]},"2":{"line":6,"type":"if","locations":[{"start":{"line":6,"column":0},"end":{"line":6,"column":0}},{"start":{"line":6,"column":0},"end":{"line":6,"column":0}}]}}},"/Users/leighsilverstein/Documents/ryerson/cps847/ass2/index.js":{"path":"/Users/leighsilverstein/Documents/ryerson/cps847/ass2/index.js","s":{"1":1,"2":1,"3":1},"b":{},"f":{"1":1,"2":1},"fnMap":{"1":{"name":"(anonymous_1)","line":2,"loc":{"start":{"line":2,"column":6},"end":{"line":2,"column":17}}},"2":{"name":"(anonymous_2)","line":5,"loc":{"start":{"line":5,"column":6},"end":{"line":5,"column":17}}}},"statementMap":{"1":{"start":{"line":1,"column":0},"end":{"line":8,"column":2}},"2":{"start":{"line":3,"column":2},"end":{"line":3,"column":15}},"3":{"start":{"line":6,"column":2},"end":{"line":6,"column":15}}},"branchMap":{}}}